{"ticker": "NASDAQ:SERV", "raw_ts": "2025-10-09T23:00:25.727779+08:00", "dt_ny": "2025-10-09T11:00:25.727779-04:00", "bucket": "2025-10-09T11:00:00-04:00", "decision": "NoSignal"}
{"ticker": "NYSE:CRCL", "raw_ts": "2025-10-09T23:00:25.728977+08:00", "dt_ny": "2025-10-09T11:00:25.728977-04:00", "bucket": "2025-10-09T11:00:00-04:00", "decision": "NoSignal"}
{"ticker": "NASDAQ:SERV", "raw_ts": "2025-10-10T00:00:06.867567+08:00", "dt_ny": "2025-10-09T12:00:06.867567-04:00", "bucket": "2025-10-09T12:00:00-04:00", "decision": "NoSignal"}
{"ticker": "NASDAQ:SERV", "raw_ts": "2025-10-10T12:00:00.228244+08:00", "dt_ny": "2025-10-10T00:00:00.228244-04:00", "bucket": "2025-10-10T00:00:00-04:00", "decision": "NoSignal"}
{"ticker": "NASDAQ:SERV", "raw_ts": "2025-10-10T13:00:00.252391+08:00", "dt_ny": "2025-10-10T01:00:00.252391-04:00", "bucket": "2025-10-10T01:00:00-04:00", "decision": "NoSignal"}
{"ticker": "NASDAQ:SERV", "raw_ts": "2025-10-10T14:00:00.224580+08:00", "dt_ny": "2025-10-10T02:00:00.224580-04:00", "bucket": "2025-10-10T02:00:00-04:00", "decision": "NoSignal"}
{"ticker": "NASDAQ:SERV", "raw_ts": "2025-10-10T15:00:00.223656+08:00", "dt_ny": "2025-10-10T03:00:00.223656-04:00", "bucket": "2025-10-10T03:00:00-04:00", "decision": "NoSignal"}
{"ticker": "NASDAQ:SERV", "raw_ts": "2025-10-10T16:00:00.225902+08:00", "dt_ny": "2025-10-10T04:00:00.225902-04:00", "bucket": "2025-10-10T04:00:00-04:00", "decision": "NoSignal"}
{"ticker": "NASDAQ:SERV", "raw_ts": "2025-10-10T17:00:00.333237+08:00", "dt_ny": "2025-10-10T05:00:00.333237-04:00", "bucket": "2025-10-10T05:00:00-04:00", "decision": "NoSignal"}
{"ticker": "NASDAQ:SERV", "raw_ts": "2025-10-10T18:00:00.227676+08:00", "dt_ny": "2025-10-10T06:00:00.227676-04:00", "bucket": "2025-10-10T06:00:00-04:00", "decision": "NoSignal"}
{"ticker": "NASDAQ:SERV", "raw_ts": "2025-10-10T19:00:00.230705+08:00", "dt_ny": "2025-10-10T07:00:00.230705-04:00", "bucket": "2025-10-10T07:00:00-04:00", "decision": "NoSignal"}
{"ticker": "NASDAQ:SERV", "raw_ts": "2025-10-10T20:00:00.224620+08:00", "dt_ny": "2025-10-10T08:00:00.224620-04:00", "bucket": "2025-10-10T08:00:00-04:00", "decision": "NoSignal"}
{"ticker": "NASDAQ:SERV", "raw_ts": "2025-10-10T21:00:00.316881+08:00", "dt_ny": "2025-10-10T09:00:00.316881-04:00", "bucket": "2025-10-10T09:00:00-04:00", "decision": "NoSignal"}
{"ticker": "NASDAQ:SERV", "raw_ts": "2025-10-10T22:00:00.338290+08:00", "dt_ny": "2025-10-10T10:00:00.338290-04:00", "bucket": "2025-10-10T10:00:00-04:00", "decision": "NoSignal"}
{"ticker": "NASDAQ:SERV", "raw_ts": "2025-10-10T23:00:54.620467+08:00", "dt_ny": "2025-10-10T11:00:54.620467-04:00", "bucket": "2025-10-10T11:00:00-04:00", "decision": "NoSignal"}
{"ticker": "NASDAQ:SERV", "raw_ts": "2025-12-05T23:00:02.913295+08:00", "dt_ny": "2025-12-05T10:00:02.913295-05:00", "bucket": "2025-12-05T10:00:00-05:00", "decision": "NoSignal"}
{"ticker": "NASDAQ:RR", "raw_ts": "2025-12-05T23:00:02.914271+08:00", "dt_ny": "2025-12-05T10:00:02.914271-05:00", "bucket": "2025-12-05T10:00:00-05:00", "decision": "NoSignal"}
{"ticker": "NYSE:CRCL", "raw_ts": "2025-12-05T23:00:02.914669+08:00", "dt_ny": "2025-12-05T10:00:02.914669-05:00", "bucket": "2025-12-05T10:00:00-05:00", "decision": "NoSignal"}
{"ticker": "NYSE:PL", "raw_ts": "2025-12-05T23:00:02.915048+08:00", "dt_ny": "2025-12-05T10:00:02.915048-05:00", "bucket": "2025-12-05T10:00:00-05:00", "decision": "NoSignal"}
{"ticker": "NASDAQ:ONDS", "raw_ts": "2025-12-05T23:00:02.916701+08:00", "dt_ny": "2025-12-05T10:00:02.916701-05:00", "bucket": "2025-12-05T10:00:00-05:00", "decision": "NoSignal"}
{"ticker": "NASDAQ:SERV", "raw_ts": "2025-12-06T00:00:11.028021+08:00", "dt_ny": "2025-12-05T11:00:11.028021-05:00", "bucket": "2025-12-05T11:00:00-05:00", "decision": "NoSignal"}
{"ticker": "NASDAQ:RR", "raw_ts": "2025-12-06T00:00:11.028423+08:00", "dt_ny": "2025-12-05T11:00:11.028423-05:00", "bucket": "2025-12-05T11:00:00-05:00", "decision": "NoSignal"}
{"ticker": "NYSE:CRCL", "raw_ts": "2025-12-06T00:00:11.028808+08:00", "dt_ny": "2025-12-05T11:00:11.028808-05:00", "bucket": "2025-12-05T11:00:00-05:00", "decision": "NoSignal"}
{"ticker": "NYSE:PL", "raw_ts": "2025-12-06T00:00:11.029232+08:00", "dt_ny": "2025-12-05T11:00:11.029232-05:00", "bucket": "2025-12-05T11:00:00-05:00", "decision": "NoSignal"}
{"ticker": "NASDAQ:ONDS", "raw_ts": "2025-12-06T00:00:11.030787+08:00", "dt_ny": "2025-12-05T11:00:11.030787-05:00", "bucket": "2025-12-05T11:00:00-05:00", "decision": "NoSignal"}
{"ticker": "NASDAQ:SERV", "raw_ts": "2025-12-06T01:00:01.927016+08:00", "dt_ny": "2025-12-05T12:00:01.927016-05:00", "bucket": "2025-12-05T12:00:00-05:00", "decision": "NoSignal"}
{"ticker": "NASDAQ:RR", "raw_ts": "2025-12-06T01:00:01.927457+08:00", "dt_ny": "2025-12-05T12:00:01.927457-05:00", "bucket": "2025-12-05T12:00:00-05:00", "decision": "NoSignal"}
{"ticker": "NYSE:CRCL", "raw_ts": "2025-12-06T01:00:01.927862+08:00", "dt_ny": "2025-12-05T12:00:01.927862-05:00", "bucket": "2025-12-05T12:00:00-05:00", "decision": "NoSignal"}
{"ticker": "NYSE:PL", "raw_ts": "2025-12-06T01:00:01.928252+08:00", "dt_ny": "2025-12-05T12:00:01.928252-05:00", "bucket": "2025-12-05T12:00:00-05:00", "decision": "NoSignal"}
{"ticker": "NASDAQ:ONDS", "raw_ts": "2025-12-06T01:00:01.928994+08:00", "dt_ny": "2025-12-05T12:00:01.928994-05:00", "bucket": "2025-12-05T12:00:00-05:00", "decision": "NoSignal"}
{"ticker": "NASDAQ:SERV", "raw_ts": "2025-12-06T14:00:00.164895+08:00", "dt_ny": "2025-12-06T01:00:00.164895-05:00", "bucket": "2025-12-06T01:00:00-05:00", "decision": "NoSignal"}
{"ticker": "NASDAQ:RR", "raw_ts": "2025-12-06T14:00:00.165817+08:00", "dt_ny": "2025-12-06T01:00:00.165817-05:00", "bucket": "2025-12-06T01:00:00-05:00", "decision": "NoSignal"}
{"ticker": "NYSE:CRCL", "raw_ts": "2025-12-06T14:00:00.166247+08:00", "dt_ny": "2025-12-06T01:00:00.166247-05:00", "bucket": "2025-12-06T01:00:00-05:00", "decision": "NoSignal"}
{"ticker": "NYSE:PL", "raw_ts": "2025-12-06T14:00:00.166612+08:00", "dt_ny": "2025-12-06T01:00:00.166612-05:00", "bucket": "2025-12-06T01:00:00-05:00", "decision": "NoSignal"}
{"ticker": "NASDAQ:ONDS", "raw_ts": "2025-12-06T14:00:00.167335+08:00", "dt_ny": "2025-12-06T01:00:00.167335-05:00", "bucket": "2025-12-06T01:00:00-05:00", "decision": "NoSignal"}
{"ticker": "NASDAQ:SERV", "raw_ts": "2025-12-06T15:00:00.168700+08:00", "dt_ny": "2025-12-06T02:00:00.168700-05:00", "bucket": "2025-12-06T02:00:00-05:00", "decision": "NoSignal"}
{"ticker": "NASDAQ:RR", "raw_ts": "2025-12-06T15:00:00.169114+08:00", "dt_ny": "2025-12-06T02:00:00.169114-05:00", "bucket": "2025-12-06T02:00:00-05:00", "decision": "NoSignal"}
{"ticker": "NYSE:CRCL", "raw_ts": "2025-12-06T15:00:00.169462+08:00", "dt_ny": "2025-12-06T02:00:00.169462-05:00", "bucket": "2025-12-06T02:00:00-05:00", "decision": "NoSignal"}
{"ticker": "NYSE:PL", "raw_ts": "2025-12-06T15:00:00.169807+08:00", "dt_ny": "2025-12-06T02:00:00.169807-05:00", "bucket": "2025-12-06T02:00:00-05:00", "decision": "NoSignal"}
{"ticker": "NASDAQ:ONDS", "raw_ts": "2025-12-06T15:00:00.170521+08:00", "dt_ny": "2025-12-06T02:00:00.170521-05:00", "bucket": "2025-12-06T02:00:00-05:00", "decision": "NoSignal"}
{"ticker": "NASDAQ:SERV", "raw_ts": "2025-12-06T16:00:00.160108+08:00", "dt_ny": "2025-12-06T03:00:00.160108-05:00", "bucket": "2025-12-06T03:00:00-05:00", "decision": "NoSignal"}
{"ticker": "NASDAQ:RR", "raw_ts": "2025-12-06T16:00:00.160485+08:00", "dt_ny": "2025-12-06T03:00:00.160485-05:00", "bucket": "2025-12-06T03:00:00-05:00", "decision": "NoSignal"}
{"ticker": "NYSE:CRCL", "raw_ts": "2025-12-06T16:00:00.160849+08:00", "dt_ny": "2025-12-06T03:00:00.160849-05:00", "bucket": "2025-12-06T03:00:00-05:00", "decision": "NoSignal"}
{"ticker": "NYSE:PL", "raw_ts": "2025-12-06T16:00:00.161194+08:00", "dt_ny": "2025-12-06T03:00:00.161194-05:00", "bucket": "2025-12-06T03:00:00-05:00", "decision": "NoSignal"}
{"ticker": "NASDAQ:ONDS", "raw_ts": "2025-12-06T16:00:00.161892+08:00", "dt_ny": "2025-12-06T03:00:00.161892-05:00", "bucket": "2025-12-06T03:00:00-05:00", "decision": "NoSignal"}
{"ticker": "NASDAQ:SERV", "raw_ts": "2025-12-06T17:00:00.157802+08:00", "dt_ny": "2025-12-06T04:00:00.157802-05:00", "bucket": "2025-12-06T04:00:00-05:00", "decision": "NoSignal"}
{"ticker": "NASDAQ:RR", "raw_ts": "2025-12-06T17:00:00.158235+08:00", "dt_ny": "2025-12-06T04:00:00.158235-05:00", "bucket": "2025-12-06T04:00:00-05:00", "decision": "NoSignal"}
{"ticker": "NYSE:CRCL", "raw_ts": "2025-12-06T17:00:00.158669+08:00", "dt_ny": "2025-12-06T04:00:00.158669-05:00", "bucket": "2025-12-06T04:00:00-05:00", "decision": "NoSignal"}
{"ticker": "NYSE:PL", "raw_ts": "2025-12-06T17:00:00.159083+08:00", "dt_ny": "2025-12-06T04:00:00.159083-05:00", "bucket": "2025-12-06T04:00:00-05:00", "decision": "NoSignal"}
{"ticker": "NASDAQ:ONDS", "raw_ts": "2025-12-06T17:00:00.159806+08:00", "dt_ny": "2025-12-06T04:00:00.159806-05:00", "bucket": "2025-12-06T04:00:00-05:00", "decision": "NoSignal"}
{"ticker": "NASDAQ:SERV", "raw_ts": "2025-12-06T18:00:00.163755+08:00", "dt_ny": "2025-12-06T05:00:00.163755-05:00", "bucket": "2025-12-06T05:00:00-05:00", "decision": "NoSignal"}
{"ticker": "NASDAQ:RR", "raw_ts": "2025-12-06T18:00:00.164170+08:00", "dt_ny": "2025-12-06T05:00:00.164170-05:00", "bucket": "2025-12-06T05:00:00-05:00", "decision": "NoSignal"}
{"ticker": "NYSE:CRCL", "raw_ts": "2025-12-06T18:00:00.164622+08:00", "dt_ny": "2025-12-06T05:00:00.164622-05:00", "bucket": "2025-12-06T05:00:00-05:00", "decision": "NoSignal"}
{"ticker": "NYSE:PL", "raw_ts": "2025-12-06T18:00:00.164991+08:00", "dt_ny": "2025-12-06T05:00:00.164991-05:00", "bucket": "2025-12-06T05:00:00-05:00", "decision": "NoSignal"}
{"ticker": "NASDAQ:ONDS", "raw_ts": "2025-12-06T18:00:00.165716+08:00", "dt_ny": "2025-12-06T05:00:00.165716-05:00", "bucket": "2025-12-06T05:00:00-05:00", "decision": "NoSignal"}
{"ticker": "NASDAQ:SERV", "raw_ts": "2025-12-06T19:00:00.159748+08:00", "dt_ny": "2025-12-06T06:00:00.159748-05:00", "bucket": "2025-12-06T06:00:00-05:00", "decision": "NoSignal"}
{"ticker": "NASDAQ:RR", "raw_ts": "2025-12-06T19:00:00.160143+08:00", "dt_ny": "2025-12-06T06:00:00.160143-05:00", "bucket": "2025-12-06T06:00:00-05:00", "decision": "NoSignal"}
{"ticker": "NYSE:CRCL", "raw_ts": "2025-12-06T19:00:00.160511+08:00", "dt_ny": "2025-12-06T06:00:00.160511-05:00", "bucket": "2025-12-06T06:00:00-05:00", "decision": "NoSignal"}
{"ticker": "NYSE:PL", "raw_ts": "2025-12-06T19:00:00.160864+08:00", "dt_ny": "2025-12-06T06:00:00.160864-05:00", "bucket": "2025-12-06T06:00:00-05:00", "decision": "NoSignal"}
{"ticker": "NASDAQ:ONDS", "raw_ts": "2025-12-06T19:00:00.161632+08:00", "dt_ny": "2025-12-06T06:00:00.161632-05:00", "bucket": "2025-12-06T06:00:00-05:00", "decision": "NoSignal"}
{"ticker": "NASDAQ:SERV", "raw_ts": "2025-12-06T20:00:00.163383+08:00", "dt_ny": "2025-12-06T07:00:00.163383-05:00", "bucket": "2025-12-06T07:00:00-05:00", "decision": "NoSignal"}
{"ticker": "NASDAQ:RR", "raw_ts": "2025-12-06T20:00:00.163766+08:00", "dt_ny": "2025-12-06T07:00:00.163766-05:00", "bucket": "2025-12-06T07:00:00-05:00", "decision": "NoSignal"}
{"ticker": "NYSE:CRCL", "raw_ts": "2025-12-06T20:00:00.164249+08:00", "dt_ny": "2025-12-06T07:00:00.164249-05:00", "bucket": "2025-12-06T07:00:00-05:00", "decision": "NoSignal"}
{"ticker": "NYSE:PL", "raw_ts": "2025-12-06T20:00:00.164629+08:00", "dt_ny": "2025-12-06T07:00:00.164629-05:00", "bucket": "2025-12-06T07:00:00-05:00", "decision": "NoSignal"}
{"ticker": "NASDAQ:ONDS", "raw_ts": "2025-12-06T20:00:00.165330+08:00", "dt_ny": "2025-12-06T07:00:00.165330-05:00", "bucket": "2025-12-06T07:00:00-05:00", "decision": "NoSignal"}
{"ticker": "NASDAQ:SERV", "raw_ts": "2025-12-09T01:00:02.639612+08:00", "dt_ny": "2025-12-08T12:00:02.639612-05:00", "bucket": "2025-12-08T12:00:00-05:00", "decision": "NoSignal"}
{"ticker": "NASDAQ:RR", "raw_ts": "2025-12-09T01:00:02.640180+08:00", "dt_ny": "2025-12-08T12:00:02.640180-05:00", "bucket": "2025-12-08T12:00:00-05:00", "decision": "SellSignal"}
{"ticker": "NYSE:CRCL", "raw_ts": "2025-12-09T01:00:02.640811+08:00", "dt_ny": "2025-12-08T12:00:02.640811-05:00", "bucket": "2025-12-08T12:00:00-05:00", "decision": "SellSignal"}
{"ticker": "NYSE:PL", "raw_ts": "2025-12-09T01:00:02.641502+08:00", "dt_ny": "2025-12-08T12:00:02.641502-05:00", "bucket": "2025-12-08T12:00:00-05:00", "decision": "NoSignal"}
{"ticker": "NASDAQ:ONDS", "raw_ts": "2025-12-09T01:00:02.642807+08:00", "dt_ny": "2025-12-08T12:00:02.642807-05:00", "bucket": "2025-12-08T12:00:00-05:00", "decision": "NoSignal"}
{"ticker": "NASDAQ:SERV", "raw_ts": "2025-12-09T02:00:01.760783+08:00", "dt_ny": "2025-12-08T13:00:01.760783-05:00", "bucket": "2025-12-08T13:00:00-05:00", "decision": "NoSignal"}
{"ticker": "NASDAQ:RR", "raw_ts": "2025-12-09T02:00:01.761210+08:00", "dt_ny": "2025-12-08T13:00:01.761210-05:00", "bucket": "2025-12-08T13:00:00-05:00", "decision": "SellSignal"}
{"ticker": "NYSE:CRCL", "raw_ts": "2025-12-09T02:00:01.761722+08:00", "dt_ny": "2025-12-08T13:00:01.761722-05:00", "bucket": "2025-12-08T13:00:00-05:00", "decision": "SellSignal"}
{"ticker": "NYSE:PL", "raw_ts": "2025-12-09T02:00:01.762278+08:00", "dt_ny": "2025-12-08T13:00:01.762278-05:00", "bucket": "2025-12-08T13:00:00-05:00", "decision": "NoSignal"}
{"ticker": "NASDAQ:ONDS", "raw_ts": "2025-12-09T02:00:01.763178+08:00", "dt_ny": "2025-12-08T13:00:01.763178-05:00", "bucket": "2025-12-08T13:00:00-05:00", "decision": "NoSignal"}
{"ticker": "NASDAQ:SERV", "raw_ts": "2025-12-09T03:00:01.345128+08:00", "dt_ny": "2025-12-08T14:00:01.345128-05:00", "bucket": "2025-12-08T14:00:00-05:00", "decision": "SellSignal"}
{"ticker": "NASDAQ:RR", "raw_ts": "2025-12-09T03:00:01.345658+08:00", "dt_ny": "2025-12-08T14:00:01.345658-05:00", "bucket": "2025-12-08T14:00:00-05:00", "decision": "SellSignal"}
{"ticker": "NYSE:CRCL", "raw_ts": "2025-12-09T03:00:01.346158+08:00", "dt_ny": "2025-12-08T14:00:01.346158-05:00", "bucket": "2025-12-08T14:00:00-05:00", "decision": "SellSignal"}
{"ticker": "NYSE:PL", "raw_ts": "2025-12-09T03:00:01.346596+08:00", "dt_ny": "2025-12-08T14:00:01.346596-05:00", "bucket": "2025-12-08T14:00:00-05:00", "decision": "SellSignal"}
{"ticker": "NASDAQ:ONDS", "raw_ts": "2025-12-09T03:00:01.347058+08:00", "dt_ny": "2025-12-08T14:00:01.347058-05:00", "bucket": "2025-12-08T14:00:00-05:00", "decision": "NoSignal"}
{"ticker": "NASDAQ:SERV", "raw_ts": "2025-12-09T04:00:01.402558+08:00", "dt_ny": "2025-12-08T15:00:01.402558-05:00", "bucket": "2025-12-08T15:00:00-05:00", "decision": "NoSignal"}
{"ticker": "NASDAQ:RR", "raw_ts": "2025-12-09T04:00:01.402978+08:00", "dt_ny": "2025-12-08T15:00:01.402978-05:00", "bucket": "2025-12-08T15:00:00-05:00", "decision": "SellSignal"}
{"ticker": "NYSE:CRCL", "raw_ts": "2025-12-09T04:00:01.403461+08:00", "dt_ny": "2025-12-08T15:00:01.403461-05:00", "bucket": "2025-12-08T15:00:00-05:00", "decision": "SellSignal"}
{"ticker": "NYSE:PL", "raw_ts": "2025-12-09T04:00:01.403923+08:00", "dt_ny": "2025-12-08T15:00:01.403923-05:00", "bucket": "2025-12-08T15:00:00-05:00", "decision": "SellSignal"}
{"ticker": "NASDAQ:ONDS", "raw_ts": "2025-12-09T04:00:01.404390+08:00", "dt_ny": "2025-12-08T15:00:01.404390-05:00", "bucket": "2025-12-08T15:00:00-05:00", "decision": "NoSignal"}
{"ticker": "NASDAQ:SERV", "raw_ts": "2025-12-09T04:59:56.339676+08:00", "dt_ny": "2025-12-08T15:59:56.339676-05:00", "bucket": "2025-12-08T15:00:00-05:00", "decision": "NoSignal"}
{"ticker": "NASDAQ:RR", "raw_ts": "2025-12-09T04:59:56.340095+08:00", "dt_ny": "2025-12-08T15:59:56.340095-05:00", "bucket": "2025-12-08T15:00:00-05:00", "decision": "SellSignal"}
{"ticker": "NYSE:CRCL", "raw_ts": "2025-12-09T04:59:56.340691+08:00", "dt_ny": "2025-12-08T15:59:56.340691-05:00", "bucket": "2025-12-08T15:00:00-05:00", "decision": "SellSignal"}
{"ticker": "NYSE:PL", "raw_ts": "2025-12-09T04:59:56.341466+08:00", "dt_ny": "2025-12-08T15:59:56.341466-05:00", "bucket": "2025-12-08T15:00:00-05:00", "decision": "NoSignal"}
{"ticker": "NASDAQ:ONDS", "raw_ts": "2025-12-09T04:59:56.342143+08:00", "dt_ny": "2025-12-08T15:59:56.342143-05:00", "bucket": "2025-12-08T15:00:00-05:00", "decision": "SellSignal"}
{"ticker": "NASDAQ:SERV", "raw_ts": "2025-12-09T04:59:57.988027+08:00", "dt_ny": "2025-12-08T15:59:57.988027-05:00", "bucket": "2025-12-08T15:00:00-05:00", "decision": "NoSignal"}
{"ticker": "NASDAQ:RR", "raw_ts": "2025-12-09T04:59:57.988447+08:00", "dt_ny": "2025-12-08T15:59:57.988447-05:00", "bucket": "2025-12-08T15:00:00-05:00", "decision": "SellSignal"}
{"ticker": "NYSE:CRCL", "raw_ts": "2025-12-09T04:59:57.988961+08:00", "dt_ny": "2025-12-08T15:59:57.988961-05:00", "bucket": "2025-12-08T15:00:00-05:00", "decision": "SellSignal"}
{"ticker": "NYSE:PL", "raw_ts": "2025-12-09T04:59:57.989420+08:00", "dt_ny": "2025-12-08T15:59:57.989420-05:00", "bucket": "2025-12-08T15:00:00-05:00", "decision": "NoSignal"}
{"ticker": "NASDAQ:ONDS", "raw_ts": "2025-12-09T04:59:57.989844+08:00", "dt_ny": "2025-12-08T15:59:57.989844-05:00", "bucket": "2025-12-08T15:00:00-05:00", "decision": "SellSignal"}
{"ticker": "NASDAQ:SERV", "raw_ts": "2025-12-09T04:59:59.863943+08:00", "dt_ny": "2025-12-08T15:59:59.863943-05:00", "bucket": "2025-12-08T15:00:00-05:00", "decision": "NoSignal"}
{"ticker": "NASDAQ:RR", "raw_ts": "2025-12-09T04:59:59.864348+08:00", "dt_ny": "2025-12-08T15:59:59.864348-05:00", "bucket": "2025-12-08T15:00:00-05:00", "decision": "SellSignal"}
{"ticker": "NYSE:CRCL", "raw_ts": "2025-12-09T04:59:59.864948+08:00", "dt_ny": "2025-12-08T15:59:59.864948-05:00", "bucket": "2025-12-08T15:00:00-05:00", "decision": "SellSignal"}
{"ticker": "NYSE:PL", "raw_ts": "2025-12-09T04:59:59.865760+08:00", "dt_ny": "2025-12-08T15:59:59.865760-05:00", "bucket": "2025-12-08T15:00:00-05:00", "decision": "NoSignal"}
{"ticker": "NASDAQ:ONDS", "raw_ts": "2025-12-09T04:59:59.866305+08:00", "dt_ny": "2025-12-08T15:59:59.866305-05:00", "bucket": "2025-12-08T15:00:00-05:00", "decision": "SellSignal"}
{"ticker": "NASDAQ:SERV", "raw_ts": "2025-12-09T05:00:01.593762+08:00", "dt_ny": "2025-12-08T16:00:01.593762-05:00", "bucket": "2025-12-08T16:00:00-05:00", "decision": "NoSignal"}
{"ticker": "NASDAQ:RR", "raw_ts": "2025-12-09T05:00:01.594211+08:00", "dt_ny": "2025-12-08T16:00:01.594211-05:00", "bucket": "2025-12-08T16:00:00-05:00", "decision": "SellSignal"}
{"ticker": "NYSE:CRCL", "raw_ts": "2025-12-09T05:00:01.594695+08:00", "dt_ny": "2025-12-08T16:00:01.594695-05:00", "bucket": "2025-12-08T16:00:00-05:00", "decision": "SellSignal"}
{"ticker": "NYSE:PL", "raw_ts": "2025-12-09T05:00:01.595232+08:00", "dt_ny": "2025-12-08T16:00:01.595232-05:00", "bucket": "2025-12-08T16:00:00-05:00", "decision": "NoSignal"}
{"ticker": "NASDAQ:ONDS", "raw_ts": "2025-12-09T05:00:01.595724+08:00", "dt_ny": "2025-12-08T16:00:01.595724-05:00", "bucket": "2025-12-08T16:00:00-05:00", "decision": "SellSignal"}
{"ticker": "NASDAQ:SERV", "raw_ts": "2025-12-09T06:00:01.423137+08:00", "dt_ny": "2025-12-08T17:00:01.423137-05:00", "bucket": "2025-12-08T17:00:00-05:00", "decision": "NoSignal"}
{"ticker": "NASDAQ:RR", "raw_ts": "2025-12-09T06:00:01.423562+08:00", "dt_ny": "2025-12-08T17:00:01.423562-05:00", "bucket": "2025-12-08T17:00:00-05:00", "decision": "SellSignal"}
{"ticker": "NYSE:CRCL", "raw_ts": "2025-12-09T06:00:01.424031+08:00", "dt_ny": "2025-12-08T17:00:01.424031-05:00", "bucket": "2025-12-08T17:00:00-05:00", "decision": "SellSignal"}
{"ticker": "NYSE:PL", "raw_ts": "2025-12-09T06:00:01.424505+08:00", "dt_ny": "2025-12-08T17:00:01.424505-05:00", "bucket": "2025-12-08T17:00:00-05:00", "decision": "NoSignal"}
{"ticker": "NASDAQ:ONDS", "raw_ts": "2025-12-09T06:00:01.424900+08:00", "dt_ny": "2025-12-08T17:00:01.424900-05:00", "bucket": "2025-12-08T17:00:00-05:00", "decision": "SellSignal"}
{"ticker": "NASDAQ:SERV", "raw_ts": "2025-12-09T07:00:01.319217+08:00", "dt_ny": "2025-12-08T18:00:01.319217-05:00", "bucket": "2025-12-08T18:00:00-05:00", "decision": "NoSignal"}
{"ticker": "NASDAQ:RR", "raw_ts": "2025-12-09T07:00:01.319732+08:00", "dt_ny": "2025-12-08T18:00:01.319732-05:00", "bucket": "2025-12-08T18:00:00-05:00", "decision": "SellSignal"}
{"ticker": "NYSE:CRCL", "raw_ts": "2025-12-09T07:00:01.320258+08:00", "dt_ny": "2025-12-08T18:00:01.320258-05:00", "bucket": "2025-12-08T18:00:00-05:00", "decision": "SellSignal"}
{"ticker": "NYSE:PL", "raw_ts": "2025-12-09T07:00:01.320822+08:00", "dt_ny": "2025-12-08T18:00:01.320822-05:00", "bucket": "2025-12-08T18:00:00-05:00", "decision": "NoSignal"}
{"ticker": "NASDAQ:ONDS", "raw_ts": "2025-12-09T07:00:01.321343+08:00", "dt_ny": "2025-12-08T18:00:01.321343-05:00", "bucket": "2025-12-08T18:00:00-05:00", "decision": "SellSignal"}
{"ticker": "NASDAQ:SERV", "raw_ts": "2025-12-09T08:00:01.333611+08:00", "dt_ny": "2025-12-08T19:00:01.333611-05:00", "bucket": "2025-12-08T19:00:00-05:00", "decision": "NoSignal"}
{"ticker": "NASDAQ:RR", "raw_ts": "2025-12-09T08:00:01.334018+08:00", "dt_ny": "2025-12-08T19:00:01.334018-05:00", "bucket": "2025-12-08T19:00:00-05:00", "decision": "SellSignal"}
{"ticker": "NYSE:CRCL", "raw_ts": "2025-12-09T08:00:01.334467+08:00", "dt_ny": "2025-12-08T19:00:01.334467-05:00", "bucket": "2025-12-08T19:00:00-05:00", "decision": "SellSignal"}
{"ticker": "NYSE:PL", "raw_ts": "2025-12-09T08:00:01.334948+08:00", "dt_ny": "2025-12-08T19:00:01.334948-05:00", "bucket": "2025-12-08T19:00:00-05:00", "decision": "NoSignal"}
{"ticker": "NASDAQ:ONDS", "raw_ts": "2025-12-09T08:00:01.335367+08:00", "dt_ny": "2025-12-08T19:00:01.335367-05:00", "bucket": "2025-12-08T19:00:00-05:00", "decision": "SellSignal"}
{"ticker": "NASDAQ:SERV", "raw_ts": "2025-12-09T09:00:01.598506+08:00", "dt_ny": "2025-12-08T20:00:01.598506-05:00", "bucket": "2025-12-08T20:00:00-05:00", "decision": "NoSignal"}
{"ticker": "NASDAQ:RR", "raw_ts": "2025-12-09T09:00:01.599011+08:00", "dt_ny": "2025-12-08T20:00:01.599011-05:00", "bucket": "2025-12-08T20:00:00-05:00", "decision": "SellSignal"}
{"ticker": "NYSE:CRCL", "raw_ts": "2025-12-09T09:00:01.599545+08:00", "dt_ny": "2025-12-08T20:00:01.599545-05:00", "bucket": "2025-12-08T20:00:00-05:00", "decision": "SellSignal"}
{"ticker": "NYSE:PL", "raw_ts": "2025-12-09T09:00:01.600009+08:00", "dt_ny": "2025-12-08T20:00:01.600009-05:00", "bucket": "2025-12-08T20:00:00-05:00", "decision": "NoSignal"}
{"ticker": "NASDAQ:ONDS", "raw_ts": "2025-12-09T09:00:01.600420+08:00", "dt_ny": "2025-12-08T20:00:01.600420-05:00", "bucket": "2025-12-08T20:00:00-05:00", "decision": "SellSignal"}
{"ticker": "NASDAQ:SERV", "raw_ts": "2025-12-09T10:00:01.546816+08:00", "dt_ny": "2025-12-08T21:00:01.546816-05:00", "bucket": "2025-12-08T21:00:00-05:00", "decision": "NoSignal"}
{"ticker": "NASDAQ:RR", "raw_ts": "2025-12-09T10:00:01.547244+08:00", "dt_ny": "2025-12-08T21:00:01.547244-05:00", "bucket": "2025-12-08T21:00:00-05:00", "decision": "SellSignal"}
{"ticker": "NYSE:CRCL", "raw_ts": "2025-12-09T10:00:01.547806+08:00", "dt_ny": "2025-12-08T21:00:01.547806-05:00", "bucket": "2025-12-08T21:00:00-05:00", "decision": "SellSignal"}
{"ticker": "NYSE:PL", "raw_ts": "2025-12-09T10:00:01.548320+08:00", "dt_ny": "2025-12-08T21:00:01.548320-05:00", "bucket": "2025-12-08T21:00:00-05:00", "decision": "NoSignal"}
{"ticker": "NASDAQ:ONDS", "raw_ts": "2025-12-09T10:00:01.548755+08:00", "dt_ny": "2025-12-08T21:00:01.548755-05:00", "bucket": "2025-12-08T21:00:00-05:00", "decision": "SellSignal"}
{"ticker": "NASDAQ:SERV", "raw_ts": "2025-12-09T11:00:01.322237+08:00", "dt_ny": "2025-12-08T22:00:01.322237-05:00", "bucket": "2025-12-08T22:00:00-05:00", "decision": "NoSignal"}
{"ticker": "NASDAQ:RR", "raw_ts": "2025-12-09T11:00:01.322778+08:00", "dt_ny": "2025-12-08T22:00:01.322778-05:00", "bucket": "2025-12-08T22:00:00-05:00", "decision": "SellSignal"}
{"ticker": "NYSE:CRCL", "raw_ts": "2025-12-09T11:00:01.323384+08:00", "dt_ny": "2025-12-08T22:00:01.323384-05:00", "bucket": "2025-12-08T22:00:00-05:00", "decision": "SellSignal"}
{"ticker": "NYSE:PL", "raw_ts": "2025-12-09T11:00:01.324047+08:00", "dt_ny": "2025-12-08T22:00:01.324047-05:00", "bucket": "2025-12-08T22:00:00-05:00", "decision": "NoSignal"}
{"ticker": "NASDAQ:ONDS", "raw_ts": "2025-12-09T11:00:01.324657+08:00", "dt_ny": "2025-12-08T22:00:01.324657-05:00", "bucket": "2025-12-08T22:00:00-05:00", "decision": "SellSignal"}
{"ticker": "NASDAQ:SERV", "raw_ts": "2025-12-09T13:00:01.381271+08:00", "dt_ny": "2025-12-09T00:00:01.381271-05:00", "bucket": "2025-12-09T00:00:00-05:00", "decision": "NoSignal"}
{"ticker": "NYSE:PL", "raw_ts": "2025-12-09T13:00:01.381734+08:00", "dt_ny": "2025-12-09T00:00:01.381734-05:00", "bucket": "2025-12-09T00:00:00-05:00", "decision": "NoSignal"}
{"ticker": "NASDAQ:RR", "raw_ts": "2025-12-09T13:00:01.382123+08:00", "dt_ny": "2025-12-09T00:00:01.382123-05:00", "bucket": "2025-12-09T00:00:00-05:00", "decision": "SellSignal"}
{"ticker": "NYSE:CRCL", "raw_ts": "2025-12-09T13:00:01.382647+08:00", "dt_ny": "2025-12-09T00:00:01.382647-05:00", "bucket": "2025-12-09T00:00:00-05:00", "decision": "NoSignal"}
{"ticker": "NASDAQ:ONDS", "raw_ts": "2025-12-09T13:00:01.383102+08:00", "dt_ny": "2025-12-09T00:00:01.383102-05:00", "bucket": "2025-12-09T00:00:00-05:00", "decision": "NoSignal"}
